[14:11:38] [Render thread/INFO] [JMLogger] JourneyMap log initialized.
[14:11:38] [Render thread/INFO] [JourneymapClient] initialize ENTER
[14:11:38] [Render thread/INFO] [ClientAPI] [ClientAPI] built with JourneyMap API 1.9-SNAPSHOT
[14:11:38] [Render thread/INFO] [PluginHelper] Initializing plugins with Client API: journeymap.client.api.impl.ClientAPI
[14:11:38] [Render thread/INFO] [PluginHelper] Initialized IClientPlugin: net.blay09.mods.waystones.compat.JourneyMapIntegration
[14:11:38] [Render thread/INFO] [PluginHelper] Initialized IClientPlugin: com.railwayteam.railways.compat.journeymap.RailwayMapPlugin
[14:11:38] [Render thread/WARN] [PropertiesBase] core (Initialized) Bad configField entry during updateFrom(): optionsManagerViewed=null
[14:11:38] [Render thread/INFO] [?] Version: JourneyMap 1.20.1-5.10.3, built with forge 1.20.1-47.2.30
forge: 47.4.2
Environment: os.name, os.arch, java.version, user.country, user.language=null, game language=ru_ru, locale=ru_ru
Features: 
	RadarPlayers : singleplayer = true , multiplayer = true
	RadarAnimals : singleplayer = true , multiplayer = true
	RadarMobs : singleplayer = true , multiplayer = true
	RadarVillagers : singleplayer = true , multiplayer = true
	MapTopo : singleplayer = true , multiplayer = true
	MapSurface : singleplayer = true , multiplayer = true
	MapCaves : singleplayer = true , multiplayer = true
	MapBiome : singleplayer = true , multiplayer = true
MiniMapProperties{state=Valid, file=journeymap.minimap.config, configVersion=5.10.3, zoomLevel=0, compassFontScale=1.0, terrainAlpha=100, showEntityNames=true, positionX=0.9, positionY=0.25, effectVertical=false, showPlayerHeading=true, sizePercent=30, playerDisplayScale=1.0, showDayNight=true, showPets=true, preferredMapType=day, showCompass=true, mobDisplay=jm.common.entity_display.dots, systemTimeRealFormat=HH:mm:ss, shape=jm.minimap.shape_circle, showSelf=true, selfDisplayScale=1.0, showGrid=true, reticleOrientation=jm.minimap.orientation.compass, gameTimeRealFormat=HH:mm:ss, effectTranslateX=-110, showWaypoints=true, minimapKeyMovementSpeed=0.001, showAnimals=true, infoSlotAlpha=0.7, effectTranslateY=0, showWaypointLabels=true, moveEffectIcons=true, position=jm.minimap.position_topright, fontScale=1.0, showPlayers=true, waypointIconScale=1.0, frameAlpha=100, effectReversed=false, backgroundAlpha=0.8, enabled=true, showVillagers=true, info2Label=jm.theme.labelsource.gametime, info3Label=jm.theme.labelsource.location, showMobs=true, waypointLabelScale=1.0, showReticle=true, orientation=jm.minimap.orientation.north, info4Label=jm.theme.labelsource.biome, locationFormat=xzyv, playerDisplay=jm.common.entity_display.dots, mobDisplayScale=1.0, showCaves=true, showMobHeading=true, locationFormatVerbose=true, info1Label=jm.theme.labelsource.blank}
MiniMapProperties{state=Valid, file=journeymap.minimap2.config, configVersion=5.10.3, zoomLevel=0, compassFontScale=1.0, terrainAlpha=100, showEntityNames=true, positionX=0.9, positionY=0.25, effectVertical=false, showPlayerHeading=true, sizePercent=30, playerDisplayScale=1.0, showDayNight=true, showPets=true, preferredMapType=day, showCompass=true, mobDisplay=jm.common.entity_display.dots, systemTimeRealFormat=HH:mm:ss, shape=jm.minimap.shape_rectangle, showSelf=true, selfDisplayScale=1.0, showGrid=true, reticleOrientation=jm.minimap.orientation.compass, gameTimeRealFormat=HH:mm:ss, effectTranslateX=0, showWaypoints=true, minimapKeyMovementSpeed=0.001, showAnimals=true, infoSlotAlpha=0.7, effectTranslateY=0, showWaypointLabels=true, moveEffectIcons=true, position=jm.minimap.position_topright, fontScale=1.0, showPlayers=true, waypointIconScale=1.0, frameAlpha=100, effectReversed=false, backgroundAlpha=0.8, enabled=true, showVillagers=true, info2Label=jm.theme.labelsource.gametime, info3Label=jm.theme.labelsource.location, showMobs=true, waypointLabelScale=1.0, showReticle=true, orientation=jm.minimap.orientation.north, info4Label=jm.theme.labelsource.biome, locationFormat=xzyv, playerDisplay=jm.common.entity_display.dots, mobDisplayScale=1.0, showCaves=true, showMobHeading=true, locationFormatVerbose=true, info1Label=jm.theme.labelsource.blank}
FullMapProperties{state=Valid, file=journeymap.fullmap.config, configVersion=5.10.3, zoomLevel=0, showPlayers=true, waypointIconScale=1.0, showEntityNames=true, showPlayerHeading=true, showVillagers=true, showPlayerLoc=true, showKeys=true, playerDisplayScale=1.0, showMobs=true, showPets=true, waypointLabelScale=1.0, preferredMapType=day, mobDisplay=jm.common.entity_display.dots, showSelf=true, locationFormat=xzyv, playerDisplay=jm.common.entity_display.dots, mobDisplayScale=1.0, selfDisplayScale=1.0, showGrid=true, showMouseLoc=true, showWaypoints=true, showCaves=true, showAnimals=true, showMobHeading=true, showWaypointLabels=true, locationFormatVerbose=true, fontScale=1.0}
WaypointProperties{state=Valid, file=journeymap.waypoint.config, configVersion=5.10.3, autoRemoveDeathpointDistance=2, dateFormat=MM-dd-yyyy, autoRemoveDeathpoints=false, fullscreenDoubleClickToCreate=true, managerDimensionFocus=false, minDistance=4, boldLabel=false, textureSmall=true, showDeathpointlabel=true, beaconEnabled=true, createDeathpoints=true, showName=true, disableStrikeThrough=false, maxDistance=0, autoHideLabel=true, autoRemoveTempWaypoints=2, teleportCommand=/tp {name} {x} {y} {z}, showStaticBeam=true, shaderBeacon=false, timeFormat=HH:mm:ss, showDeviationLabel=false, showDistance=true, showRotatingBeam=true, fontScale=2.0, showTexture=true, managerEnabled=true}
WebMapProperties{state=Valid, file=journeymap.webmap.config, configVersion=5.10.3, port=8080, enabled=false}
CoreProperties{state=Valid, file=journeymap.core.config, configVersion=5.10.3, verboseColorPalette=false, maxPlayersData=32, mapSurfaceAboveCaves=true, dataCachingEnabled=true, optionsManagerViewed=null, announceMod=true, colorPassive=#bbbbbb, mapBlendWater=false, renderDistanceSurfaceMax=0, seedId=false, radarVerticalDistance=16, mapBlendGrass=true, recordCacheStats=false, hideSneakingEntities=true, revealShape=jm.minimap.shape_circle, mapBiome=true, alwaysMapSurface=false, colorVillager=#88e188, mapPlants=false, colorPet=#0077ff, radarLateralDistance=64, mapBathymetry=false, mapCrops=true, maxMobsData=32, mapPlantShadows=false, alwaysMapCaves=false, checkUpdates=true, mapBlendFoliage=true, hideSpectators=false, mappingEnabled=true, colorPlayer=#ffffff, tileHighDisplayQuality=true, cacheVillagersData=2200, logLevel=INFO, maxVillagersData=32, mapWaterBiomeColors=false, maxAnimalsData=32, mapTransparency=true, caveBlackAsClear=false, tileRenderType=1, caveIgnoreGlass=true, mapTopography=true, renderDistanceCaveMax=0, mapAntialiasing=true, colorSelf=#0000ff, cachePlayersData=2000, cacheMobsData=3000, cachePlayerData=1000, splashViewed=5.10.3, colorHostile=#ff0000, cacheAnimalsData=3100, themeName=OceanMonument, mapCaveLighting=true, renderDelay=2, glErrorChecking=false, autoMapPoll=2000}
[14:11:38] [Render thread/INFO] [JourneymapClient] initialize EXIT, elapsed count 1 avg 275,09ms
[14:11:43] [Render thread/INFO] [JourneymapClient] Journeymap PostInit
[14:11:43] [Render thread/INFO] [ThemeLoader] Preloaded theme textures: 73
[14:11:43] [Render thread/INFO] [JourneymapClient] postInitialize EXIT, elapsed count 1 avg 195,31ms
[14:11:44] [JM-VersionCheck-1/ERROR] [VersionCheck] Could not parse download info: 5.10.3
java.lang.NullPointerException: Cannot invoke "com.google.gson.JsonElement.getAsString()" because the return value of "com.google.gson.JsonObject.get(String)" is null
	at journeymap.common.version.VersionCheck.lambda$checkVersion$0(VersionCheck.java:151) ~[journeymap-1.20.1-5.10.3-forge.jar%23281!/:1.20.1-5.10.3]
	at java.util.concurrent.Executors$RunnableAdapter.call(Unknown Source) ~[?:?]
	at java.util.concurrent.FutureTask.run(Unknown Source) ~[?:?]
	at java.util.concurrent.ThreadPoolExecutor.runWorker(Unknown Source) ~[?:?]
	at java.util.concurrent.ThreadPoolExecutor$Worker.run(Unknown Source) ~[?:?]
	at java.lang.Thread.run(Unknown Source) ~[?:?]
[14:12:12] [Server thread/INFO] [ForgeConfig] Loading JourneyMap Forge Configs
[14:12:37] [Render thread/INFO] [ModBlockDelegate] Custom modded block handling enabled for create
[14:12:37] [Render thread/WARN] [JMLogger] Can't get entityTexture for alexsmobs:textures/entity_icon/raccoon.png
[14:12:37] [Render thread/WARN] [JMLogger] Can't get entityTexture for divinerpg:textures/entity_icon/aequorea_yellow.png
[14:12:37] [Render thread/WARN] [JMLogger] Can't get entityTexture for divinerpg:textures/entity_icon/aequorea_green.png
[14:12:37] [Render thread/WARN] [JMLogger] Can't get entityTexture for divinerpg:textures/entity_icon/aequorea_purple.png
[14:12:37] [Render thread/WARN] [JMLogger] Can't get entityTexture for divinerpg:textures/entity_icon/kobblin.png
[14:12:37] [Render thread/WARN] [PropertiesBase] core (Initialized) Bad configField entry during updateFrom(): optionsManagerViewed=null
[14:12:37] [Render thread/INFO] [WaypointStore] Loaded 0 waypoints from C:\Users\blizn\AppData\Roaming\ModrinthApp\profiles\pacani test 2\journeymap\data\sp\Новый мир (1)\waypoints
[14:12:37] [Render thread/INFO] [JourneymapClient] Mapping started in C:\Users\blizn\AppData\Roaming\ModrinthApp\profiles\pacani test 2\journeymap\data\sp\Новый мир (1)\overworld. Memory: 6128MB total, 3356MB free 
[14:12:37] [Render thread/INFO] [ChatLog] JourneyMap: Нажмите [О].
[14:12:48] [Render thread/WARN] [JMLogger] Can't get entityTexture for alexsmobs:textures/entity_icon/crow.png
[14:13:01] [Render thread/WARN] [JMLogger] Can't get entityTexture for alexsmobs:textures/entity_icon/terrapin/terrapin_painted.png
[14:13:32] [Render thread/WARN] [JMLogger] Can't get entityTexture for alexsmobs:textures/entity_icon/fly.png
[14:14:21] [Render thread/WARN] [JMLogger] Can't get entityTexture for alexsmobs:textures/entity_icon/catfish_small.png
[14:15:03] [Render thread/WARN] [JMLogger] Can't get entityTexture for alexsmobs:textures/entity_icon/terrapin/terrapin_brown.png
[14:15:03] [Render thread/WARN] [JMLogger] Can't get entityTexture for alexsmobs:textures/entity_icon/terrapin/overlay/terrapin_with_overlays.png
[14:15:59] [Render thread/WARN] [JMLogger] Can't get entityTexture for alexsmobs:textures/entity_icon/bison.png
[14:17:18] [Render thread/WARN] [JMLogger] Can't get entityTexture for alexsmobs:textures/entity_icon/bison_baby.png
[14:18:00] [Render thread/WARN] [JMLogger] Can't get entityTexture for alexsmobs:textures/entity_icon/terrapin/terrapin_red_eared.png
[14:19:46] [Render thread/WARN] [JMLogger] Can't get entityTexture for alexsmobs:textures/entity_icon/seagull.png
[14:20:54] [Render thread/WARN] [JMLogger] Can't get entityTexture for alexsmobs:textures/entity_icon/catfish_medium.png
[14:21:07] [Render thread/WARN] [JMLogger] Can't get entityTexture for alexsmobs:textures/entity_icon/terrapin/terrapin_black.png
[14:21:44] [Render thread/WARN] [JMLogger] Can't get entityTexture for alexsmobs:textures/entity_icon/seal/seal_brown_0.png
[14:21:44] [Render thread/WARN] [JMLogger] Can't get entityTexture for alexsmobs:textures/entity_icon/blue_jay.png
[14:21:44] [Render thread/WARN] [JMLogger] Can't get entityTexture for divinerpg:textures/entity_icon/aequorea_blue.png
[14:21:44] [Render thread/WARN] [JMLogger] Can't get entityTexture for alexsmobs:textures/entity_icon/lobster_blue.png
[14:21:44] [Render thread/WARN] [JMLogger] Can't get entityTexture for alexsmobs:textures/entity_icon/lobster_red.png
[14:21:44] [Render thread/WARN] [JMLogger] Can't get entityTexture for alexsmobs:textures/entity_icon/lobster_yellow.png
[14:21:57] [Render thread/WARN] [JMLogger] Can't get entityTexture for alexsmobs:textures/entity_icon/seal/seal_brown_1.png
[14:22:12] [Render thread/WARN] [JMLogger] Can't get entityTexture for divinerpg:textures/entity_icon/king_crab.png
[14:22:15] [Render thread/WARN] [JMLogger] Can't get entityTexture for alexsmobs:textures/entity_icon/flying_fish_0.png
[14:22:19] [Render thread/WARN] [JMLogger] Can't get entityTexture for alexsmobs:textures/entity_icon/flying_fish_2.png
[14:22:19] [Render thread/WARN] [JMLogger] Can't get entityTexture for divinerpg:textures/entity_icon/aequorea_pink.png
[14:22:34] [Render thread/WARN] [JMLogger] Can't get entityTexture for alexsmobs:textures/entity_icon/flying_fish_1.png
[14:22:43] [Render thread/WARN] [JMLogger] Can't get entityTexture for alexsmobs:textures/entity_icon/seagull.png
[14:22:43] [Render thread/WARN] [JMLogger] Can't get entityTexture for alexsmobs:textures/entity_icon/flying_fish_1.png
[14:22:43] [Render thread/WARN] [JMLogger] Can't get entityTexture for alexsmobs:textures/entity_icon/lobster_red.png
[14:22:43] [Render thread/WARN] [JMLogger] Can't get entityTexture for alexsmobs:textures/entity_icon/flying_fish_0.png
[14:22:43] [Render thread/WARN] [JMLogger] Can't get entityTexture for divinerpg:textures/entity_icon/kobblin.png
[14:22:46] [Render thread/WARN] [JMLogger] Can't get entityTexture for alexsmobs:textures/entity_icon/crow.png
[14:22:51] [Render thread/WARN] [JMLogger] Can't get entityTexture for alexsmobs:textures/entity_icon/seal/seal_brown_1.png
[14:22:51] [Render thread/WARN] [JMLogger] Can't get entityTexture for divinerpg:textures/entity_icon/crab.png
[14:23:16] [Render thread/WARN] [JMLogger] Can't get entityTexture for alexsmobs:textures/entity_icon/cockroach.png
[14:23:23] [Render thread/WARN] [JMLogger] Can't get entityTexture for alexsmobs:textures/entity_icon/bison.png
[14:23:23] [Render thread/WARN] [JMLogger] Can't get entityTexture for alexsmobs:textures/entity_icon/bison_baby.png
[14:23:23] [Render thread/WARN] [JMLogger] Can't get entityTexture for alexsmobs:textures/entity_icon/raccoon.png
[14:23:23] [Render thread/WARN] [JMLogger] Can't get entityTexture for alexsmobs:textures/entity_icon/fly.png
[14:26:10] [Render thread/INFO] [JourneymapClient] Mapping halted in C:\Users\blizn\AppData\Roaming\ModrinthApp\profiles\pacani test 2\journeymap\data\mp\offline\minecraft:overworld
[14:26:11] [Server thread/INFO] [ForgeConfig] Loading JourneyMap Forge Configs
[14:26:14] [Server thread/INFO] [ForgeConfig] Loading JourneyMap Forge Configs
[14:26:20] [Render thread/WARN] [PropertiesBase] core (Initialized) Bad configField entry during updateFrom(): optionsManagerViewed=null
[14:26:20] [Render thread/INFO] [WaypointStore] Loaded 0 waypoints from C:\Users\blizn\AppData\Roaming\ModrinthApp\profiles\pacani test 2\journeymap\data\sp\Новый мир (1)\waypoints
[14:26:20] [Render thread/INFO] [JourneymapClient] Mapping started in C:\Users\blizn\AppData\Roaming\ModrinthApp\profiles\pacani test 2\journeymap\data\sp\Новый мир (1)\overworld. Memory: 6128MB total, 1585MB free 
[14:32:13] [Render thread/WARN] [JMLogger] Can't get entityTexture for alexsmobs:textures/entity_icon/seagull.png
[14:32:13] [Render thread/WARN] [JMLogger] Can't get entityTexture for alexsmobs:textures/entity_icon/fly.png
[14:32:13] [Render thread/WARN] [JMLogger] Can't get entityTexture for divinerpg:textures/entity_icon/kobblin.png
[14:32:18] [Render thread/WARN] [JMLogger] Can't get entityTexture for alexsmobs:textures/entity_icon/raccoon.png
[14:34:35] [Render thread/WARN] [JMLogger] Can't get entityTexture for divinerpg:textures/entity_icon/aequorea_purple.png
[14:34:35] [Render thread/WARN] [JMLogger] Can't get entityTexture for divinerpg:textures/entity_icon/aequorea_green.png
[14:34:39] [Render thread/WARN] [JMLogger] Can't get entityTexture for alexsmobs:textures/entity_icon/terrapin/overlay/terrapin_with_overlays.png
[14:34:39] [Render thread/WARN] [JMLogger] Can't get entityTexture for alexsmobs:textures/entity_icon/terrapin/terrapin_brown.png
[14:34:42] [Render thread/WARN] [JMLogger] Can't get entityTexture for alexsmobs:textures/entity_icon/crow.png
[14:34:52] [Render thread/WARN] [JMLogger] Can't get entityTexture for alexsmobs:textures/entity_icon/terrapin/terrapin_green.png
[14:34:52] [Render thread/WARN] [JMLogger] Can't get entityTexture for alexsmobs:textures/entity_icon/catfish_medium.png
[14:35:06] [Render thread/WARN] [JMLogger] Can't get entityTexture for divinerpg:textures/entity_icon/aequorea_red.png
[14:35:06] [Render thread/WARN] [JMLogger] Can't get entityTexture for divinerpg:textures/entity_icon/aequorea_pink.png
[14:35:28] [Render thread/INFO] [JourneymapClient] Mapping halted in C:\Users\blizn\AppData\Roaming\ModrinthApp\profiles\pacani test 2\journeymap\data\mp\offline\minecraft:overworld
[14:35:28] [Server thread/INFO] [ForgeConfig] Loading JourneyMap Forge Configs
